integration-tests	Run integration tests with coverage	﻿2026-06-13T23:40:43.4498710Z ##[group]Run npm run test:integration -- --coverage --forceExit
integration-tests	Run integration tests with coverage	2026-06-13T23:40:43.4499219Z ^[[36;1mnpm run test:integration -- --coverage --forceExit^[[0m
integration-tests	Run integration tests with coverage	2026-06-13T23:40:43.4533465Z shell: /usr/bin/bash -e {0}
integration-tests	Run integration tests with coverage	2026-06-13T23:40:43.4533982Z env:
integration-tests	Run integration tests with coverage	2026-06-13T23:40:43.4534206Z   INTEGRATION_WORKERS: 4
integration-tests	Run integration tests with coverage	2026-06-13T23:40:43.4534463Z ##[endgroup]
integration-tests	Run integration tests with coverage	2026-06-13T23:40:43.5673916Z 
integration-tests	Run integration tests with coverage	2026-06-13T23:40:43.5674407Z > session-combat@1.0.0 test:integration
integration-tests	Run integration tests with coverage	2026-06-13T23:40:43.5675251Z > jest --config=jest.integration.config.js --coverage --forceExit
integration-tests	Run integration tests with coverage	2026-06-13T23:40:43.5675739Z 
integration-tests	Run integration tests with coverage	2026-06-13T23:40:45.1177281Z TypeError: Jest: Got error running globalSetup - /home/runner/work/session-combat/session-combat/tests/integration/global.setup.ts, reason: webidl.util.markAsUncloneable is not a function
integration-tests	Run integration tests with coverage	2026-06-13T23:40:45.1179061Z     at new CacheStorage (/home/runner/work/session-combat/session-combat/node_modules/undici/lib/web/cache/cachestorage.js:20:17)
integration-tests	Run integration tests with coverage	2026-06-13T23:40:45.1180384Z     at Object.<anonymous> (/home/runner/work/session-combat/session-combat/node_modules/undici/index.js:179:25)
integration-tests	Run integration tests with coverage	2026-06-13T23:40:45.1181525Z     at Module._compile (node:internal/modules/cjs/loader:1521:14)
integration-tests	Run integration tests with coverage	2026-06-13T23:40:45.1182365Z     at Module._extensions..js (node:internal/modules/cjs/loader:1623:10)
integration-tests	Run integration tests with coverage	2026-06-13T23:40:45.1183477Z     at Object.newLoader (/home/runner/work/session-combat/session-combat/node_modules/pirates/lib/index.js:134:7)
integration-tests	Run integration tests with coverage	2026-06-13T23:40:45.1184824Z     at Module.load (node:internal/modules/cjs/loader:1266:32)
integration-tests	Run integration tests with coverage	2026-06-13T23:40:45.1185584Z     at Module._load (node:internal/modules/cjs/loader:1091:12)
integration-tests	Run integration tests with coverage	2026-06-13T23:40:45.1186104Z     at Module.require (node:internal/modules/cjs/loader:1289:19)
integration-tests	Run integration tests with coverage	2026-06-13T23:40:45.1186569Z     at require (node:internal/modules/helpers:182:18)
integration-tests	Run integration tests with coverage	2026-06-13T23:40:45.1187419Z     at Object.<anonymous> (/home/runner/work/session-combat/session-combat/node_modules/testcontainers/build/wait-strategies/http-wait-strategy.js:4:18)
integration-tests	Run integration tests with coverage	2026-06-13T23:40:45.1377235Z ##[error]Process completed with exit code 1.
regression-tests	Run Playwright regression tests	﻿2026-06-13T23:41:51.2085405Z ##[group]Run set -uo pipefail
regression-tests	Run Playwright regression tests	2026-06-13T23:41:51.2086101Z ^[[36;1mset -uo pipefail^[[0m
regression-tests	Run Playwright regression tests	2026-06-13T23:41:51.2086369Z ^[[36;1mstart_ts=$(date +%s)^[[0m
regression-tests	Run Playwright regression tests	2026-06-13T23:41:51.2086624Z ^[[36;1mfinish() {^[[0m
regression-tests	Run Playwright regression tests	2026-06-13T23:41:51.2086851Z ^[[36;1m  status=$?^[[0m
regression-tests	Run Playwright regression tests	2026-06-13T23:41:51.2087075Z ^[[36;1m  end_ts=$(date +%s)^[[0m
regression-tests	Run Playwright regression tests	2026-06-13T23:41:51.2087338Z ^[[36;1m  elapsed=$((end_ts - start_ts))^[[0m
regression-tests	Run Playwright regression tests	2026-06-13T23:41:51.2087683Z ^[[36;1m  echo "Regression browser scope: chromium"^[[0m
regression-tests	Run Playwright regression tests	2026-06-13T23:41:51.2088096Z ^[[36;1m  echo "Regression workers: ${REGRESSION_WORKERS:-unset}"^[[0m
regression-tests	Run Playwright regression tests	2026-06-13T23:41:51.2088512Z ^[[36;1m  echo "Regression duration (seconds): ${elapsed}"^[[0m
regression-tests	Run Playwright regression tests	2026-06-13T23:41:51.2088832Z ^[[36;1m  exit $status^[[0m
regression-tests	Run Playwright regression tests	2026-06-13T23:41:51.2089049Z ^[[36;1m}^[[0m
regression-tests	Run Playwright regression tests	2026-06-13T23:41:51.2089256Z ^[[36;1mtrap finish EXIT^[[0m
regression-tests	Run Playwright regression tests	2026-06-13T23:41:51.2089481Z ^[[36;1m^[[0m
regression-tests	Run Playwright regression tests	2026-06-13T23:41:51.2089683Z ^[[36;1mnpm run test:regression^[[0m
regression-tests	Run Playwright regression tests	2026-06-13T23:41:51.2120688Z shell: /usr/bin/bash -e {0}
regression-tests	Run Playwright regression tests	2026-06-13T23:41:51.2120958Z env:
regression-tests	Run Playwright regression tests	2026-06-13T23:41:51.2121200Z   REGRESSION_WORKERS: 4
regression-tests	Run Playwright regression tests	2026-06-13T23:41:51.2121473Z   MONGODB_URI: mongodb://localhost:27017
regression-tests	Run Playwright regression tests	2026-06-13T23:41:51.2121776Z   MONGODB_DB: session-combat-e2e
regression-tests	Run Playwright regression tests	2026-06-13T23:41:51.2122041Z   CHROMIUM_ONLY: true
regression-tests	Run Playwright regression tests	2026-06-13T23:41:51.2122260Z ##[endgroup]
regression-tests	Run Playwright regression tests	2026-06-13T23:41:51.3267677Z 
regression-tests	Run Playwright regression tests	2026-06-13T23:41:51.3268784Z > session-combat@1.0.0 test:regression
regression-tests	Run Playwright regression tests	2026-06-13T23:41:51.3269799Z > playwright test tests/e2e/
regression-tests	Run Playwright regression tests	2026-06-13T23:41:51.3270365Z 
regression-tests	Run Playwright regression tests	2026-06-13T23:41:52.5499414Z ✅ Running regression tests with chromium only
regression-tests	Run Playwright regression tests	2026-06-13T23:41:54.2097164Z TypeError: webidl.util.markAsUncloneable is not a function
regression-tests	Run Playwright regression tests	2026-06-13T23:41:54.2097734Z 
regression-tests	Run Playwright regression tests	2026-06-13T23:41:54.2097918Z    at global.setup.ts:1
regression-tests	Run Playwright regression tests	2026-06-13T23:41:54.2098184Z 
regression-tests	Run Playwright regression tests	2026-06-13T23:41:54.2098834Z > 1 | import { MongoDBContainer, StartedMongoDBContainer } from "@testcontainers/mongodb";
regression-tests	Run Playwright regression tests	2026-06-13T23:41:54.2099627Z     | ^
regression-tests	Run Playwright regression tests	2026-06-13T23:41:54.2099948Z   2 |
regression-tests	Run Playwright regression tests	2026-06-13T23:41:54.2100357Z   3 | async function globalSetup() {
regression-tests	Run Playwright regression tests	2026-06-13T23:41:54.2100800Z   4 |   if (!process.env.MONGODB_URI) {
regression-tests	Run Playwright regression tests	2026-06-13T23:41:54.2101586Z     at CacheStorage (/home/runner/work/session-combat/session-combat/node_modules/undici/lib/web/cache/cachestorage.js:20:17)
regression-tests	Run Playwright regression tests	2026-06-13T23:41:54.2102616Z     at Object.<anonymous> (/home/runner/work/session-combat/session-combat/node_modules/undici/index.js:179:25)
regression-tests	Run Playwright regression tests	2026-06-13T23:41:54.2103776Z     at Object.<anonymous> (/home/runner/work/session-combat/session-combat/node_modules/testcontainers/build/wait-strategies/http-wait-strategy.js:4:18)
regression-tests	Run Playwright regression tests	2026-06-13T23:41:54.2105039Z     at Object.<anonymous> (/home/runner/work/session-combat/session-combat/node_modules/testcontainers/build/wait-strategies/wait.js:7:30)
regression-tests	Run Playwright regression tests	2026-06-13T23:41:54.2106548Z     at Object.<anonymous> (/home/runner/work/session-combat/session-combat/node_modules/testcontainers/build/wait-strategies/utils/wait-strategy-selector.js:6:16)
regression-tests	Run Playwright regression tests	2026-06-13T23:41:54.2107906Z     at Object.<anonymous> (/home/runner/work/session-combat/session-combat/node_modules/testcontainers/build/generic-container/generic-container.js:20:34)
regression-tests	Run Playwright regression tests	2026-06-13T23:41:54.2109112Z     at Object.<anonymous> (/home/runner/work/session-combat/session-combat/node_modules/testcontainers/build/reaper/reaper.js:9:29)
regression-tests	Run Playwright regression tests	2026-06-13T23:41:54.2110294Z     at Object.<anonymous> (/home/runner/work/session-combat/session-combat/node_modules/testcontainers/build/generic-container/started-generic-container.js:12:18)
regression-tests	Run Playwright regression tests	2026-06-13T23:41:54.2111558Z     at Object.<anonymous> (/home/runner/work/session-combat/session-combat/node_modules/testcontainers/build/docker-compose-environment/docker-compose-environment.js:6:37)
regression-tests	Run Playwright regression tests	2026-06-13T23:41:54.2112953Z     at Object.<anonymous> (/home/runner/work/session-combat/session-combat/node_modules/testcontainers/build/index.js:13:36)
regression-tests	Run Playwright regression tests	2026-06-13T23:41:54.2113947Z     at Object.<anonymous> (/home/runner/work/session-combat/session-combat/node_modules/@testcontainers/mongodb/build/mongodb-container.js:5:26)
regression-tests	Run Playwright regression tests	2026-06-13T23:41:54.2114957Z     at Object.<anonymous> (/home/runner/work/session-combat/session-combat/node_modules/@testcontainers/mongodb/build/index.js:4:27)
regression-tests	Run Playwright regression tests	2026-06-13T23:41:54.2116157Z     at Object.<anonymous> (/home/runner/work/session-combat/session-combat/tests/e2e/global.setup.ts:1:1)
regression-tests	Run Playwright regression tests	2026-06-13T23:41:54.2604094Z 
regression-tests	Run Playwright regression tests	2026-06-13T23:41:54.2940309Z Regression browser scope: chromium
regression-tests	Run Playwright regression tests	2026-06-13T23:41:54.2940970Z Regression workers: 4
regression-tests	Run Playwright regression tests	2026-06-13T23:41:54.2941690Z Regression duration (seconds): 3
regression-tests	Run Playwright regression tests	2026-06-13T23:41:54.2952919Z ##[error]Process completed with exit code 1.
upload-and-finalize-coverage	Upload partial coverage to Codacy and finalize	﻿2026-06-13T23:42:09.3258328Z ##[group]Run if [ -z "$CODACY_API_TOKEN" ]; then
upload-and-finalize-coverage	Upload partial coverage to Codacy and finalize	2026-06-13T23:42:09.3260056Z ^[[36;1mif [ -z "$CODACY_API_TOKEN" ]; then^[[0m
upload-and-finalize-coverage	Upload partial coverage to Codacy and finalize	2026-06-13T23:42:09.3261915Z ^[[36;1m  echo "CODACY_API_TOKEN not set (fork PR or missing secret), skipping coverage upload"^[[0m
upload-and-finalize-coverage	Upload partial coverage to Codacy and finalize	2026-06-13T23:42:09.3263667Z ^[[36;1m  exit 0^[[0m
upload-and-finalize-coverage	Upload partial coverage to Codacy and finalize	2026-06-13T23:42:09.3264573Z ^[[36;1mfi^[[0m
upload-and-finalize-coverage	Upload partial coverage to Codacy and finalize	2026-06-13T23:42:09.3266000Z ^[[36;1mcurl -Ls https://coverage.codacy.com/get.sh -o codacy-coverage-reporter.sh^[[0m
upload-and-finalize-coverage	Upload partial coverage to Codacy and finalize	2026-06-13T23:42:09.3267815Z ^[[36;1mchmod +x codacy-coverage-reporter.sh^[[0m
upload-and-finalize-coverage	Upload partial coverage to Codacy and finalize	2026-06-13T23:42:09.3269394Z ^[[36;1mif [ -f artifacts/unit/lcov.info ]; then^[[0m
upload-and-finalize-coverage	Upload partial coverage to Codacy and finalize	2026-06-13T23:42:09.3271189Z ^[[36;1m  ./codacy-coverage-reporter.sh report --partial -r artifacts/unit/lcov.info^[[0m
upload-and-finalize-coverage	Upload partial coverage to Codacy and finalize	2026-06-13T23:42:09.3272885Z ^[[36;1melse^[[0m
upload-and-finalize-coverage	Upload partial coverage to Codacy and finalize	2026-06-13T23:42:09.3273874Z ^[[36;1m  echo "No unit coverage report found"^[[0m
upload-and-finalize-coverage	Upload partial coverage to Codacy and finalize	2026-06-13T23:42:09.3275088Z ^[[36;1mfi^[[0m
upload-and-finalize-coverage	Upload partial coverage to Codacy and finalize	2026-06-13T23:42:09.3276149Z ^[[36;1mif [ -f artifacts/integration/lcov.info ]; then^[[0m
upload-and-finalize-coverage	Upload partial coverage to Codacy and finalize	2026-06-13T23:42:09.3278621Z ^[[36;1m  ./codacy-coverage-reporter.sh report --partial -r artifacts/integration/lcov.info^[[0m
upload-and-finalize-coverage	Upload partial coverage to Codacy and finalize	2026-06-13T23:42:09.3280675Z ^[[36;1melse^[[0m
upload-and-finalize-coverage	Upload partial coverage to Codacy and finalize	2026-06-13T23:42:09.3281736Z ^[[36;1m  echo "No integration coverage report found"^[[0m
upload-and-finalize-coverage	Upload partial coverage to Codacy and finalize	2026-06-13T23:42:09.3283015Z ^[[36;1mfi^[[0m
upload-and-finalize-coverage	Upload partial coverage to Codacy and finalize	2026-06-13T23:42:09.3283999Z ^[[36;1mif [ -f artifacts/e2e/lcov.info ]; then^[[0m
upload-and-finalize-coverage	Upload partial coverage to Codacy and finalize	2026-06-13T23:42:09.3285739Z ^[[36;1m  ./codacy-coverage-reporter.sh report --partial -r artifacts/e2e/lcov.info^[[0m
upload-and-finalize-coverage	Upload partial coverage to Codacy and finalize	2026-06-13T23:42:09.3287383Z ^[[36;1melse^[[0m
upload-and-finalize-coverage	Upload partial coverage to Codacy and finalize	2026-06-13T23:42:09.3288367Z ^[[36;1m  echo "No e2e coverage report found"^[[0m
upload-and-finalize-coverage	Upload partial coverage to Codacy and finalize	2026-06-13T23:42:09.3289740Z ^[[36;1mfi^[[0m
upload-and-finalize-coverage	Upload partial coverage to Codacy and finalize	2026-06-13T23:42:09.3290735Z ^[[36;1m./codacy-coverage-reporter.sh final^[[0m
upload-and-finalize-coverage	Upload partial coverage to Codacy and finalize	2026-06-13T23:42:09.3430275Z shell: /usr/bin/bash -e {0}
upload-and-finalize-coverage	Upload partial coverage to Codacy and finalize	2026-06-13T23:42:09.3431615Z env:
upload-and-finalize-coverage	Upload partial coverage to Codacy and finalize	2026-06-13T23:42:09.3432941Z   CODACY_API_TOKEN: ***
upload-and-finalize-coverage	Upload partial coverage to Codacy and finalize	2026-06-13T23:42:09.3434003Z   CODACY_ORGANIZATION_PROVIDER: gh
upload-and-finalize-coverage	Upload partial coverage to Codacy and finalize	2026-06-13T23:42:09.3435196Z   CODACY_USERNAME: dougis-org
upload-and-finalize-coverage	Upload partial coverage to Codacy and finalize	2026-06-13T23:42:09.3436347Z   CODACY_PROJECT_NAME: session-combat
upload-and-finalize-coverage	Upload partial coverage to Codacy and finalize	2026-06-13T23:42:09.3437503Z ##[endgroup]
upload-and-finalize-coverage	Upload partial coverage to Codacy and finalize	2026-06-13T23:42:09.5017219Z      ______          __
upload-and-finalize-coverage	Upload partial coverage to Codacy and finalize	2026-06-13T23:42:09.5018864Z     / ____/___  ____/ /___ ________  __
upload-and-finalize-coverage	Upload partial coverage to Codacy and finalize	2026-06-13T23:42:09.5020563Z    / /   / __ \/ __  / __ `/ ___/ / / /
upload-and-finalize-coverage	Upload partial coverage to Codacy and finalize	2026-06-13T23:42:09.5022263Z   / /___/ /_/ / /_/ / /_/ / /__/ /_/ /
upload-and-finalize-coverage	Upload partial coverage to Codacy and finalize	2026-06-13T23:42:09.5023926Z   \____/\____/\__,_/\__,_/\___/\__, /
upload-and-finalize-coverage	Upload partial coverage to Codacy and finalize	2026-06-13T23:42:09.5025178Z                               /____/
upload-and-finalize-coverage	Upload partial coverage to Codacy and finalize	2026-06-13T23:42:09.5025900Z 
upload-and-finalize-coverage	Upload partial coverage to Codacy and finalize	2026-06-13T23:42:09.5026348Z   Codacy Coverage Reporter
upload-and-finalize-coverage	Upload partial coverage to Codacy and finalize	2026-06-13T23:42:09.5026992Z 
upload-and-finalize-coverage	Upload partial coverage to Codacy and finalize	2026-06-13T23:42:09.5850753Z 
upload-and-finalize-coverage	Upload partial coverage to Codacy and finalize	2026-06-13T23:42:09.5860382Z ######################################################################## 100.0%
upload-and-finalize-coverage	Upload partial coverage to Codacy and finalize	2026-06-13T23:42:09.5912415Z  ^[[0;36m--> ^[[0;90mDownloading the codacy reporter codacy-coverage-reporter-linux... (14.1.3)^[[0m
upload-and-finalize-coverage	Upload partial coverage to Codacy and finalize	2026-06-13T23:42:09.6935742Z 
upload-and-finalize-coverage	Upload partial coverage to Codacy and finalize	2026-06-13T23:42:09.6936838Z ######################################################################## 100.0%
upload-and-finalize-coverage	Upload partial coverage to Codacy and finalize	2026-06-13T23:42:09.6987325Z  ^[[0;36m--> ^[[0;90mChecking checksum...^[[0m
upload-and-finalize-coverage	Upload partial coverage to Codacy and finalize	2026-06-13T23:42:09.7737951Z 
upload-and-finalize-coverage	Upload partial coverage to Codacy and finalize	2026-06-13T23:42:09.7739083Z ######################################################################## 100.0%
upload-and-finalize-coverage	Upload partial coverage to Codacy and finalize	2026-06-13T23:42:09.7769368Z  ^[[0;36m--> ^[[0;90mExpected checksum^[[0m
upload-and-finalize-coverage	Upload partial coverage to Codacy and finalize	2026-06-13T23:42:09.7781937Z 73a6c93fc5db509fd0423d6e545759c3f61d8360ee12054e32a9277daab6add0da6c6639248f6ed6c0042366440293ebc0b6144325aef52c5d3d4b230d65eb17  codacy-coverage-reporter-linux
upload-and-finalize-coverage	Upload partial coverage to Codacy and finalize	2026-06-13T23:42:09.7784110Z  ^[[0;36m--> ^[[0;90mActual checksum^[[0m
upload-and-finalize-coverage	Upload partial coverage to Codacy and finalize	2026-06-13T23:42:09.7986076Z 73a6c93fc5db509fd0423d6e545759c3f61d8360ee12054e32a9277daab6add0da6c6639248f6ed6c0042366440293ebc0b6144325aef52c5d3d4b230d65eb17  codacy-coverage-reporter-linux
upload-and-finalize-coverage	Upload partial coverage to Codacy and finalize	2026-06-13T23:42:09.8183847Z codacy-coverage-reporter-linux: OK
upload-and-finalize-coverage	Upload partial coverage to Codacy and finalize	2026-06-13T23:42:09.8217792Z  Running command: /home/runner/.cache/codacy/coverage-reporter/14.1.3/codacy-coverage-reporter report --partial -r artifacts/unit/lcov.info --> ^[[0;90m^[[0m
upload-and-finalize-coverage	Upload partial coverage to Codacy and finalize	2026-06-13T23:42:10.6381491Z 2026-06-13 23:42:10.636Z  info [ConfigurationRules] API base URL: https://api.codacy.com  - (ConfigurationRules.scala:82)
upload-and-finalize-coverage	Upload partial coverage to Codacy and finalize	2026-06-13T23:42:10.6654506Z 2026-06-13 23:42:10.665Z  info [CommitUUIDProvider] CI/CD provider GitHub Actions found Commit UUID 666fb0a01d1b5c951931d6add7e74537785aae57  - (CommitUUIDProvider.scala:135)
upload-and-finalize-coverage	Upload partial coverage to Codacy and finalize	2026-06-13T23:42:10.6701933Z SLF4J: Failed to load class "org.slf4j.impl.StaticLoggerBinder".
upload-and-finalize-coverage	Upload partial coverage to Codacy and finalize	2026-06-13T23:42:10.6702737Z SLF4J: Defaulting to no-operation (NOP) logger implementation
upload-and-finalize-coverage	Upload partial coverage to Codacy and finalize	2026-06-13T23:42:10.6703559Z SLF4J: See http://www.slf4j.org/codes.html#StaticLoggerBinder for further details.
upload-and-finalize-coverage	Upload partial coverage to Codacy and finalize	2026-06-13T23:42:10.6781790Z 2026-06-13 23:42:10.678Z  info [ReportRules] Parsing coverage data from: /home/runner/work/session-combat/session-combat/artifacts/unit/lcov.info ...  - (ReportRules.scala:41)
upload-and-finalize-coverage	Upload partial coverage to Codacy and finalize	2026-06-13T23:42:10.6956980Z 2026-06-13 23:42:10.695Z  info [ReportRules] Coverage parser used is com.codacy.parsers.implementation.LCOVParser$@213e7db1  - (ReportRules.scala:46)
upload-and-finalize-coverage	Upload partial coverage to Codacy and finalize	2026-06-13T23:42:10.7057549Z 2026-06-13 23:42:10.695Z  warn [ReportRules] Report files will not be matched against git files, reason: Could not retrieve files from local Git directory, error message: java.lang.InstantiationException: org.eclipse.jgit.internal.JGitText  - (ReportRules.scala:334)
upload-and-finalize-coverage	Upload partial coverage to Codacy and finalize	2026-06-13T23:42:10.7059423Z 2026-06-13 23:42:10.705Z  info [ReportRules] Generated coverage report: /tmp/codacy-coverage-13265642095977406609.json (59.59 kB)  - (ReportRules.scala:308)
upload-and-finalize-coverage	Upload partial coverage to Codacy and finalize	2026-06-13T23:42:10.7064099Z 2026-06-13 23:42:10.705Z  info [ReportRules] Uploading coverage data...  - (ReportRules.scala:309)
upload-and-finalize-coverage	Upload partial coverage to Codacy and finalize	2026-06-13T23:42:10.7064828Z 2026-06-13 23:42:10.706Z  warn [ReportRules] 
upload-and-finalize-coverage	Upload partial coverage to Codacy and finalize	2026-06-13T23:42:10.7065068Z 
upload-and-finalize-coverage	Upload partial coverage to Codacy and finalize	2026-06-13T23:42:10.7065517Z Multiple languages detected in /home/runner/work/session-combat/session-combat/artifacts/unit/lcov.info (TypeScript,Javascript).
upload-and-finalize-coverage	Upload partial coverage to Codacy and finalize	2026-06-13T23:42:10.7066467Z   This run will only upload coverage for the TypeScript language.
upload-and-finalize-coverage	Upload partial coverage to Codacy and finalize	2026-06-13T23:42:10.7066953Z   To make sure that you upload coverage for all languages in the report,
upload-and-finalize-coverage	Upload partial coverage to Codacy and finalize	2026-06-13T23:42:10.7067732Z   see https://docs.codacy.com/coverage-reporter/uploading-coverage-in-advanced-scenarios/#multiple-languages  - (ReportRules.scala:216)
upload-and-finalize-coverage	Upload partial coverage to Codacy and finalize	2026-06-13T23:42:11.5160398Z 2026-06-13 23:42:11.515Z  info [ReportRules] Coverage data uploaded. Coverage received successfully.  - (ReportRules.scala:185)
upload-and-finalize-coverage	Upload partial coverage to Codacy and finalize	2026-06-13T23:42:11.5161620Z 2026-06-13 23:42:11.515Z  info [ReportRules] 
upload-and-finalize-coverage	Upload partial coverage to Codacy and finalize	2026-06-13T23:42:11.5162133Z To complete the reporting process, call coverage-reporter with the final flag.
upload-and-finalize-coverage	Upload partial coverage to Codacy and finalize	2026-06-13T23:42:11.5162756Z  Check https://docs.codacy.com/coverage-reporter/#multiple-reports
upload-and-finalize-coverage	Upload partial coverage to Codacy and finalize	2026-06-13T23:42:11.5163201Z  for more information.  - (ReportRules.scala:88)
upload-and-finalize-coverage	Upload partial coverage to Codacy and finalize	2026-06-13T23:42:11.5163799Z 2026-06-13 23:42:11.515Z  info [CodacyCoverageReporter] Coverage data uploaded.  - (CodacyCoverageReporter.scala:25)
upload-and-finalize-coverage	Upload partial coverage to Codacy and finalize	2026-06-13T23:42:11.5203020Z 
upload-and-finalize-coverage	Upload partial coverage to Codacy and finalize	2026-06-13T23:42:11.5203479Z  ^[[0;32m--> ^[[0;90mSucceeded!^[[0m
upload-and-finalize-coverage	Upload partial coverage to Codacy and finalize	2026-06-13T23:42:11.5208058Z No integration coverage report found
upload-and-finalize-coverage	Upload partial coverage to Codacy and finalize	2026-06-13T23:42:11.5243780Z      ______          __
upload-and-finalize-coverage	Upload partial coverage to Codacy and finalize	2026-06-13T23:42:11.5244243Z     / ____/___  ____/ /___ ________  __
upload-and-finalize-coverage	Upload partial coverage to Codacy and finalize	2026-06-13T23:42:11.5244764Z    / /   / __ \/ __  / __ `/ ___/ / / /
upload-and-finalize-coverage	Upload partial coverage to Codacy and finalize	2026-06-13T23:42:11.5245216Z   / /___/ /_/ / /_/ / /_/ / /__/ /_/ /
upload-and-finalize-coverage	Upload partial coverage to Codacy and finalize	2026-06-13T23:42:11.5245693Z   \____/\____/\__,_/\__,_/\___/\__, /
upload-and-finalize-coverage	Upload partial coverage to Codacy and finalize	2026-06-13T23:42:11.5246150Z                               /____/
upload-and-finalize-coverage	Upload partial coverage to Codacy and finalize	2026-06-13T23:42:11.5246457Z 
upload-and-finalize-coverage	Upload partial coverage to Codacy and finalize	2026-06-13T23:42:11.5246649Z   Codacy Coverage Reporter
upload-and-finalize-coverage	Upload partial coverage to Codacy and finalize	2026-06-13T23:42:11.5246944Z 
upload-and-finalize-coverage	Upload partial coverage to Codacy and finalize	2026-06-13T23:42:11.7101143Z #=#=#                                                                          
upload-and-finalize-coverage	Upload partial coverage to Codacy and finalize	2026-06-13T23:42:11.7101603Z 
upload-and-finalize-coverage	Upload partial coverage to Codacy and finalize	2026-06-13T23:42:11.7101757Z ######################################################################## 100.0%
upload-and-finalize-coverage	Upload partial coverage to Codacy and finalize	2026-06-13T23:42:11.7156630Z  ^[[0;36m--> ^[[0;90mCodacy reporter codacy-coverage-reporter-linux already in cache^[[0m
upload-and-finalize-coverage	Upload partial coverage to Codacy and finalize	2026-06-13T23:42:11.7169466Z  Running command: /home/runner/.cache/codacy/coverage-reporter/14.1.3/codacy-coverage-reporter report --partial -r artifacts/e2e/lcov.info --> ^[[0;90m^[[0m
upload-and-finalize-coverage	Upload partial coverage to Codacy and finalize	2026-06-13T23:42:12.5305233Z 2026-06-13 23:42:12.529Z  info [ConfigurationRules] API base URL: https://api.codacy.com  - (ConfigurationRules.scala:82)
upload-and-finalize-coverage	Upload partial coverage to Codacy and finalize	2026-06-13T23:42:12.5568025Z 2026-06-13 23:42:12.556Z  info [CommitUUIDProvider] CI/CD provider GitHub Actions found Commit UUID 666fb0a01d1b5c951931d6add7e74537785aae57  - (CommitUUIDProvider.scala:135)
upload-and-finalize-coverage	Upload partial coverage to Codacy and finalize	2026-06-13T23:42:12.5618459Z SLF4J: Failed to load class "org.slf4j.impl.StaticLoggerBinder".
upload-and-finalize-coverage	Upload partial coverage to Codacy and finalize	2026-06-13T23:42:12.5619403Z SLF4J: Defaulting to no-operation (NOP) logger implementation
upload-and-finalize-coverage	Upload partial coverage to Codacy and finalize	2026-06-13T23:42:12.5620230Z SLF4J: See http://www.slf4j.org/codes.html#StaticLoggerBinder for further details.
upload-and-finalize-coverage	Upload partial coverage to Codacy and finalize	2026-06-13T23:42:12.5690214Z 2026-06-13 23:42:12.568Z  info [ReportRules] Parsing coverage data from: /home/runner/work/session-combat/session-combat/artifacts/e2e/lcov.info ...  - (ReportRules.scala:41)
upload-and-finalize-coverage	Upload partial coverage to Codacy and finalize	2026-06-13T23:42:12.5692212Z 2026-06-13 23:42:12.568Z  warn [ReportRules] Report file /home/runner/work/session-combat/session-combat/artifacts/e2e/lcov.info is empty  - (ReportRules.scala:59)
upload-and-finalize-coverage	Upload partial coverage to Codacy and finalize	2026-06-13T23:42:12.5693430Z 2026-06-13 23:42:12.568Z  info [ReportRules] 
upload-and-finalize-coverage	Upload partial coverage to Codacy and finalize	2026-06-13T23:42:12.5694156Z To complete the reporting process, call coverage-reporter with the final flag.
upload-and-finalize-coverage	Upload partial coverage to Codacy and finalize	2026-06-13T23:42:12.5695033Z  Check https://docs.codacy.com/coverage-reporter/#multiple-reports
upload-and-finalize-coverage	Upload partial coverage to Codacy and finalize	2026-06-13T23:42:12.5695737Z  for more information.  - (ReportRules.scala:88)
upload-and-finalize-coverage	Upload partial coverage to Codacy and finalize	2026-06-13T23:42:12.5696691Z 2026-06-13 23:42:12.568Z error [CodacyCoverageReporter] No coverage data was sent  - (CodacyCoverageReporter.scala:28)
upload-and-finalize-coverage	Upload partial coverage to Codacy and finalize	2026-06-13T23:42:12.5708179Z 
upload-and-finalize-coverage	Upload partial coverage to Codacy and finalize	2026-06-13T23:42:12.5708888Z  ^[[0;31m--> ^[[0;90mFailed!^[[0m
upload-and-finalize-coverage	Upload partial coverage to Codacy and finalize	2026-06-13T23:42:12.5727422Z ##[error]Process completed with exit code 1.
ci-gate	Check all upstream jobs passed	﻿2026-06-13T23:42:17.1164319Z ##[group]Run if [[ "true" == "true" ]]; then
ci-gate	Check all upstream jobs passed	2026-06-13T23:42:17.1165555Z ^[[36;1mif [[ "true" == "true" ]]; then^[[0m
ci-gate	Check all upstream jobs passed	2026-06-13T23:42:17.1166235Z ^[[36;1m  exit 1^[[0m
ci-gate	Check all upstream jobs passed	2026-06-13T23:42:17.1166928Z ^[[36;1mfi^[[0m
ci-gate	Check all upstream jobs passed	2026-06-13T23:42:17.1531479Z shell: /usr/bin/bash -e {0}
ci-gate	Check all upstream jobs passed	2026-06-13T23:42:17.1533215Z ##[endgroup]
ci-gate	Check all upstream jobs passed	2026-06-13T23:42:17.2045179Z ##[error]Process completed with exit code 1.
