[2026-05-16T20:44:07.073Z] [INFO] Scheduled task: Full anatomy rescan (0 */6 * * *)
[2026-05-16T20:44:07.074Z] [INFO] Scheduled task: Consolidate old memory (0 2 * * *)
[2026-05-16T20:44:07.074Z] [INFO] Scheduled task: Token audit report (0 0 * * 1)
[2026-05-16T20:44:07.075Z] [INFO] Scheduled task: Cerebrum reflection (0 3 * * 0)
[2026-05-16T20:44:07.075Z] [INFO] Scheduled task: AI suggestions (0 4 * * 1)
[2026-05-16T20:44:07.076Z] [INFO] File watcher started on .wolf/
[2026-05-16T20:44:07.076Z] [INFO] OpenWolf daemon started
[2026-05-16T20:44:07.077Z] [INFO] Dashboard server listening on port 18791
[2026-05-16T20:44:07.257Z] [INFO] Scheduled task: Full anatomy rescan (0 */6 * * *)
[2026-05-16T20:44:07.258Z] [INFO] Scheduled task: Consolidate old memory (0 2 * * *)
[2026-05-16T20:44:07.258Z] [INFO] Scheduled task: Token audit report (0 0 * * 1)
[2026-05-16T20:44:07.258Z] [INFO] Scheduled task: Cerebrum reflection (0 3 * * 0)
[2026-05-16T20:44:07.259Z] [INFO] Scheduled task: AI suggestions (0 4 * * 1)
[2026-05-16T20:44:07.259Z] [INFO] File watcher started on .wolf/
[2026-05-16T20:44:07.260Z] [INFO] OpenWolf daemon started
[2026-05-16T20:44:07.260Z] [INFO] Dashboard server listening on port 18791
[2026-05-16T20:44:07.411Z] [INFO] Scheduled task: Full anatomy rescan (0 */6 * * *)
[2026-05-16T20:44:07.412Z] [INFO] Scheduled task: Consolidate old memory (0 2 * * *)
[2026-05-16T20:44:07.412Z] [INFO] Scheduled task: Token audit report (0 0 * * 1)
[2026-05-16T20:44:07.413Z] [INFO] Scheduled task: Cerebrum reflection (0 3 * * 0)
[2026-05-16T20:44:07.413Z] [INFO] Scheduled task: AI suggestions (0 4 * * 1)
[2026-05-16T20:44:07.414Z] [INFO] File watcher started on .wolf/
[2026-05-16T20:44:07.414Z] [INFO] OpenWolf daemon started
[2026-05-16T20:44:07.414Z] [INFO] Dashboard server listening on port 18791
[2026-05-16T20:44:07.573Z] [INFO] Scheduled task: Full anatomy rescan (0 */6 * * *)
[2026-05-16T20:44:07.574Z] [INFO] Scheduled task: Consolidate old memory (0 2 * * *)
[2026-05-16T20:44:07.574Z] [INFO] Scheduled task: Token audit report (0 0 * * 1)
[2026-05-16T20:44:07.574Z] [INFO] Scheduled task: Cerebrum reflection (0 3 * * 0)
[2026-05-16T20:44:07.574Z] [INFO] Scheduled task: AI suggestions (0 4 * * 1)
[2026-05-16T20:44:07.575Z] [INFO] File watcher started on .wolf/
[2026-05-16T20:44:07.575Z] [INFO] OpenWolf daemon started
[2026-05-16T20:44:07.575Z] [INFO] Dashboard server listening on port 18791
[2026-05-16T20:44:07.729Z] [INFO] Scheduled task: Full anatomy rescan (0 */6 * * *)
[2026-05-16T20:44:07.730Z] [INFO] Scheduled task: Consolidate old memory (0 2 * * *)
[2026-05-16T20:44:07.730Z] [INFO] Scheduled task: Token audit report (0 0 * * 1)
[2026-05-16T20:44:07.730Z] [INFO] Scheduled task: Cerebrum reflection (0 3 * * 0)
[2026-05-16T20:44:07.730Z] [INFO] Scheduled task: AI suggestions (0 4 * * 1)
[2026-05-16T20:44:07.731Z] [INFO] File watcher started on .wolf/
[2026-05-16T20:44:07.732Z] [INFO] OpenWolf daemon started
[2026-05-16T20:44:07.732Z] [INFO] Dashboard server listening on port 18791
[2026-05-16T20:44:07.879Z] [INFO] Scheduled task: Full anatomy rescan (0 */6 * * *)
[2026-05-16T20:44:07.880Z] [INFO] Scheduled task: Consolidate old memory (0 2 * * *)
[2026-05-16T20:44:07.880Z] [INFO] Scheduled task: Token audit report (0 0 * * 1)
[2026-05-16T20:44:07.880Z] [INFO] Scheduled task: Cerebrum reflection (0 3 * * 0)
[2026-05-16T20:44:07.880Z] [INFO] Scheduled task: AI suggestions (0 4 * * 1)
[2026-05-16T20:44:07.881Z] [INFO] File watcher started on .wolf/
[2026-05-16T20:44:07.881Z] [INFO] OpenWolf daemon started
[2026-05-16T20:44:07.882Z] [INFO] Dashboard server listening on port 18791
[2026-05-16T20:44:08.037Z] [INFO] Scheduled task: Full anatomy rescan (0 */6 * * *)
[2026-05-16T20:44:08.038Z] [INFO] Scheduled task: Consolidate old memory (0 2 * * *)
[2026-05-16T20:44:08.038Z] [INFO] Scheduled task: Token audit report (0 0 * * 1)
[2026-05-16T20:44:08.038Z] [INFO] Scheduled task: Cerebrum reflection (0 3 * * 0)
[2026-05-16T20:44:08.038Z] [INFO] Scheduled task: AI suggestions (0 4 * * 1)
[2026-05-16T20:44:08.039Z] [INFO] File watcher started on .wolf/
[2026-05-16T20:44:08.039Z] [INFO] OpenWolf daemon started
[2026-05-16T20:44:08.040Z] [INFO] Dashboard server listening on port 18791
[2026-05-16T20:44:08.198Z] [INFO] Scheduled task: Full anatomy rescan (0 */6 * * *)
[2026-05-16T20:44:08.199Z] [INFO] Scheduled task: Consolidate old memory (0 2 * * *)
[2026-05-16T20:44:08.199Z] [INFO] Scheduled task: Token audit report (0 0 * * 1)
[2026-05-16T20:44:08.199Z] [INFO] Scheduled task: Cerebrum reflection (0 3 * * 0)
[2026-05-16T20:44:08.199Z] [INFO] Scheduled task: AI suggestions (0 4 * * 1)
[2026-05-16T20:44:08.200Z] [INFO] File watcher started on .wolf/
[2026-05-16T20:44:08.201Z] [INFO] OpenWolf daemon started
[2026-05-16T20:44:08.201Z] [INFO] Dashboard server listening on port 18791
[2026-05-16T20:44:08.354Z] [INFO] Scheduled task: Full anatomy rescan (0 */6 * * *)
[2026-05-16T20:44:08.355Z] [INFO] Scheduled task: Consolidate old memory (0 2 * * *)
[2026-05-16T20:44:08.355Z] [INFO] Scheduled task: Token audit report (0 0 * * 1)
[2026-05-16T20:44:08.355Z] [INFO] Scheduled task: Cerebrum reflection (0 3 * * 0)
[2026-05-16T20:44:08.356Z] [INFO] Scheduled task: AI suggestions (0 4 * * 1)
[2026-05-16T20:44:08.356Z] [INFO] File watcher started on .wolf/
[2026-05-16T20:44:08.357Z] [INFO] OpenWolf daemon started
[2026-05-16T20:44:08.357Z] [INFO] Dashboard server listening on port 18791
[2026-05-16T20:44:08.511Z] [INFO] Scheduled task: Full anatomy rescan (0 */6 * * *)
[2026-05-16T20:44:08.512Z] [INFO] Scheduled task: Consolidate old memory (0 2 * * *)
[2026-05-16T20:44:08.512Z] [INFO] Scheduled task: Token audit report (0 0 * * 1)
[2026-05-16T20:44:08.513Z] [INFO] Scheduled task: Cerebrum reflection (0 3 * * 0)
[2026-05-16T20:44:08.513Z] [INFO] Scheduled task: AI suggestions (0 4 * * 1)
[2026-05-16T20:44:08.514Z] [INFO] File watcher started on .wolf/
[2026-05-16T20:44:08.514Z] [INFO] OpenWolf daemon started
[2026-05-16T20:44:08.515Z] [INFO] Dashboard server listening on port 18791
[2026-05-16T20:44:08.681Z] [INFO] Scheduled task: Full anatomy rescan (0 */6 * * *)
[2026-05-16T20:44:08.682Z] [INFO] Scheduled task: Consolidate old memory (0 2 * * *)
[2026-05-16T20:44:08.682Z] [INFO] Scheduled task: Token audit report (0 0 * * 1)
[2026-05-16T20:44:08.682Z] [INFO] Scheduled task: Cerebrum reflection (0 3 * * 0)
[2026-05-16T20:44:08.683Z] [INFO] Scheduled task: AI suggestions (0 4 * * 1)
[2026-05-16T20:44:08.684Z] [INFO] File watcher started on .wolf/
[2026-05-16T20:44:08.684Z] [INFO] OpenWolf daemon started
[2026-05-16T20:44:08.684Z] [INFO] Dashboard server listening on port 18791
[2026-05-16T20:44:08.833Z] [INFO] Scheduled task: Full anatomy rescan (0 */6 * * *)
[2026-05-16T20:44:08.834Z] [INFO] Scheduled task: Consolidate old memory (0 2 * * *)
[2026-05-16T20:44:08.834Z] [INFO] Scheduled task: Token audit report (0 0 * * 1)
[2026-05-16T20:44:08.834Z] [INFO] Scheduled task: Cerebrum reflection (0 3 * * 0)
[2026-05-16T20:44:08.834Z] [INFO] Scheduled task: AI suggestions (0 4 * * 1)
[2026-05-16T20:44:08.835Z] [INFO] File watcher started on .wolf/
[2026-05-16T20:44:08.836Z] [INFO] OpenWolf daemon started
[2026-05-16T20:44:08.836Z] [INFO] Dashboard server listening on port 18791
[2026-05-16T20:44:08.988Z] [INFO] Scheduled task: Full anatomy rescan (0 */6 * * *)
[2026-05-16T20:44:08.989Z] [INFO] Scheduled task: Consolidate old memory (0 2 * * *)
[2026-05-16T20:44:08.989Z] [INFO] Scheduled task: Token audit report (0 0 * * 1)
[2026-05-16T20:44:08.989Z] [INFO] Scheduled task: Cerebrum reflection (0 3 * * 0)
[2026-05-16T20:44:08.989Z] [INFO] Scheduled task: AI suggestions (0 4 * * 1)
[2026-05-16T20:44:08.990Z] [INFO] File watcher started on .wolf/
[2026-05-16T20:44:08.991Z] [INFO] OpenWolf daemon started
[2026-05-16T20:44:08.991Z] [INFO] Dashboard server listening on port 18791
[2026-05-16T20:44:09.142Z] [INFO] Scheduled task: Full anatomy rescan (0 */6 * * *)
[2026-05-16T20:44:09.143Z] [INFO] Scheduled task: Consolidate old memory (0 2 * * *)
[2026-05-16T20:44:09.143Z] [INFO] Scheduled task: Token audit report (0 0 * * 1)
[2026-05-16T20:44:09.143Z] [INFO] Scheduled task: Cerebrum reflection (0 3 * * 0)
[2026-05-16T20:44:09.143Z] [INFO] Scheduled task: AI suggestions (0 4 * * 1)
[2026-05-16T20:44:09.144Z] [INFO] File watcher started on .wolf/
[2026-05-16T20:44:09.144Z] [INFO] OpenWolf daemon started
[2026-05-16T20:44:09.145Z] [INFO] Dashboard server listening on port 18791
[2026-05-16T20:44:09.322Z] [INFO] Scheduled task: Full anatomy rescan (0 */6 * * *)
[2026-05-16T20:44:09.323Z] [INFO] Scheduled task: Consolidate old memory (0 2 * * *)
[2026-05-16T20:44:09.324Z] [INFO] Scheduled task: Token audit report (0 0 * * 1)
[2026-05-16T20:44:09.324Z] [INFO] Scheduled task: Cerebrum reflection (0 3 * * 0)
[2026-05-16T20:44:09.324Z] [INFO] Scheduled task: AI suggestions (0 4 * * 1)
[2026-05-16T20:44:09.325Z] [INFO] File watcher started on .wolf/
[2026-05-16T20:44:09.326Z] [INFO] OpenWolf daemon started
[2026-05-16T20:44:09.326Z] [INFO] Dashboard server listening on port 18791
[2026-05-16T20:44:09.490Z] [INFO] Scheduled task: Full anatomy rescan (0 */6 * * *)
[2026-05-16T20:44:09.491Z] [INFO] Scheduled task: Consolidate old memory (0 2 * * *)
[2026-05-16T20:44:09.491Z] [INFO] Scheduled task: Token audit report (0 0 * * 1)
[2026-05-16T20:44:09.491Z] [INFO] Scheduled task: Cerebrum reflection (0 3 * * 0)
[2026-05-16T20:44:09.491Z] [INFO] Scheduled task: AI suggestions (0 4 * * 1)
[2026-05-16T20:44:09.492Z] [INFO] File watcher started on .wolf/
[2026-05-16T20:44:09.492Z] [INFO] OpenWolf daemon started
[2026-05-16T20:44:09.492Z] [INFO] Dashboard server listening on port 18791
